proguard.cfg
# phần này sẽ cho biết input các file jars và sẽ tạo ra 1 file jar nào-injars bin/classes
-injars libs
-outjars bin/classes-processed.jar
# sử dụng thư viện
-libraryjars D:\work\android\tool\android-sdk-windows\platforms\android-22\android.jar
# tối ưu theo năm bước hoặc là 2
-optimizationpasses 5
-dontpreverify
# thay thế các class thành a,b, c,d …
-repackageclasses ''
# chấp nhận quyền sửa đổi khi thay thế
-allowaccessmodification
-optimizations !code/simplification/arithmetic
# giữ lại các comment
-keepattributes *Annotation*
# những đối tượng Activity, Application,.. sẽ được giữa lại
-keep public class * extends android.app.Activity
-keep public class * extends android.app.Application
-keep public class * extends android.app.Service
-keep public class * extends android.content.BroadcastReceiver
-keep public class * extends android.content.ContentProvider
-keep public class * extends android.view.View {
public <init>(android.content.Context);
public <init>(android.content.Context, android.util.AttributeSet);
public <init>(android.content.Context, android.util.AttributeSet, int);
public void set*(...);
}
-keepclasseswithmembers class * {
public <init>(android.content.Context, android.util.AttributeSet);
}
-keepclasseswithmembers class * {
public <init>(android.content.Context, android.util.AttributeSet, int);
}
-keepclassmembers class * extends android.content.Context {
public void *(android.view.View);
public void *(android.view.MenuItem);
}
-keepclassmembers class * implements android.os.Parcelable {
static android.os.Parcelable$Creator CREATOR;
}
-keepclassmembers class **.R$* {
public static <fields>;
}
# Xóa các log
-assumenosideeffects class android.util.Log {
public static *** d(...);
public static *** v(...);
public static *** w(...);
public static *** e(...);
public static *** i(...);
}
# keep setters in Views so that animations can still work.
# see ProGuard Examples
-keepclassmembers public class * extends android.view.View {
void set*(***);
*** get*();
}
# We want to keep methods in Activity that could be used in the XML attribute onClick
-keepclassmembers class * extends android.app.Activity {
public void *(android.view.View);
}
# For enumeration classes, see ProGuard Examples
-keepclassmembers enum * {
public static **[] values();
public static ** valueOf(java.lang.String);
}
-keep class * implements android.os.Parcelable {
public static final android.os.Parcelable$Creator *;
}
-keepclassmembers class **.R$* {
public static <fields>;
}
# The support library contains references to newer platform versions.
# Don't warn about those in case this app is linking against an older
# platform version. We know about them, and they are safe.
-dontwarn android.support.**
-dontwarn org.apache.**