proguard/seeds.txt
com.example.earlypregnancy.R$anim: int abc_fade_in
com.example.earlypregnancy.R$anim: int abc_fade_out
com.example.earlypregnancy.R$anim: int abc_slide_in_bottom
com.example.earlypregnancy.R$anim: int abc_slide_in_top
com.example.earlypregnancy.R$anim: int abc_slide_out_bottom
com.example.earlypregnancy.R$anim: int abc_slide_out_top
com.example.earlypregnancy.R$attr: int actionBarDivider
com.example.earlypregnancy.R$attr: int actionBarItemBackground
com.example.earlypregnancy.R$attr: int actionBarSize
com.example.earlypregnancy.R$attr: int actionBarSplitStyle
com.example.earlypregnancy.R$attr: int actionBarStyle
com.example.earlypregnancy.R$attr: int actionBarTabBarStyle
com.example.earlypregnancy.R$attr: int actionBarTabStyle
com.example.earlypregnancy.R$attr: int actionBarTabTextStyle
com.example.earlypregnancy.R$attr: int actionBarWidgetTheme
com.example.earlypregnancy.R$attr: int actionButtonStyle
com.example.earlypregnancy.R$attr: int actionDropDownStyle
com.example.earlypregnancy.R$attr: int actionLayout
com.example.earlypregnancy.R$attr: int actionMenuTextAppearance
com.example.earlypregnancy.R$attr: int actionMenuTextColor
com.example.earlypregnancy.R$attr: int actionModeBackground
com.example.earlypregnancy.R$attr: int actionModeCloseButtonStyle
com.example.earlypregnancy.R$attr: int actionModeCloseDrawable
com.example.earlypregnancy.R$attr: int actionModeCopyDrawable
com.example.earlypregnancy.R$attr: int actionModeCutDrawable
com.example.earlypregnancy.R$attr: int actionModeFindDrawable
com.example.earlypregnancy.R$attr: int actionModePasteDrawable
com.example.earlypregnancy.R$attr: int actionModePopupWindowStyle
com.example.earlypregnancy.R$attr: int actionModeSelectAllDrawable
com.example.earlypregnancy.R$attr: int actionModeShareDrawable
com.example.earlypregnancy.R$bool: int abc_action_bar_embed_tabs_pre_jb
com.example.earlypregnancy.R$bool: int abc_action_bar_expanded_action_views_exclusive
com.example.earlypregnancy.R$bool: int abc_config_actionMenuItemAllCaps
com.example.earlypregnancy.R$bool: int abc_config_allowActionMenuItemTextWithIcon
com.example.earlypregnancy.R$bool: int abc_config_showMenuShortcutsWhenKeyboardPresent
com.example.earlypregnancy.R$bool: int abc_split_action_bar_is_narrow
com.example.earlypregnancy.R$color: int abc_search_url_text_holo
com.example.earlypregnancy.R$color: int abc_search_url_text_normal
com.example.earlypregnancy.R$color: int abc_search_url_text_pressed
com.example.earlypregnancy.R$color: int abc_search_url_text_selected
com.example.earlypregnancy.R$color: int bluegrass
com.example.earlypregnancy.R$color: int chartreuse
com.example.earlypregnancy.R$color: int emerald
com.example.earlypregnancy.R$color: int seafoam
com.example.earlypregnancy.R$color: int slate
com.example.earlypregnancy.R$color: int turquoise
...
android.support.v4.app.FragmentTabHost$SavedState
android.support.v4.app.FragmentTabHost$SavedState: android.os.Parcelable$Creator CREATOR
android.support.v4.app.NotificationCompatSideChannelService
android.support.v4.content.FileProvider
android.support.v4.content.ModernAsyncTask$Status: android.support.v4.content.ModernAsyncTask$Status[] values()
android.support.v4.content.ModernAsyncTask$Status: android.support.v4.content.ModernAsyncTask$Status valueOf(java.lang.String)
android.support.v4.content.WakefulBroadcastReceiver
android.support.v4.view.PagerTabStrip
android.support.v4.view.PagerTabStrip: PagerTabStrip(android.content.Context)
android.support.v4.view.PagerTabStrip: PagerTabStrip(android.content.Context,android.util.AttributeSet)
android.support.v4.view.PagerTabStrip: void setTabIndicatorColor(int)
android.support.v4.view.PagerTabStrip: void setTabIndicatorColorResource(int)
android.support.v4.view.PagerTabStrip: int getTabIndicatorColor()
android.support.v4.view.PagerTabStrip: void setPadding(int,int,int,int)
android.support.v4.view.PagerTabStrip: void setTextSpacing(int)
android.support.v4.view.PagerTabStrip: void setBackgroundDrawable(android.graphics.drawable.Drawable)
android.support.v4.view.PagerTabStrip: void setBackgroundColor(int)
android.support.v4.view.PagerTabStrip: void setBackgroundResource(int)
android.support.v4.view.PagerTabStrip: void setDrawFullUnderline(boolean)
android.support.v4.view.PagerTabStrip: boolean getDrawFullUnderline()
android.support.v4.view.PagerTabStrip: int getMinHeight()
android.support.v4.view.PagerTitleStrip
android.support.v4.view.PagerTitleStrip: void setSingleLineAllCaps(android.widget.TextView)
android.support.v4.view.PagerTitleStrip: PagerTitleStrip(android.content.Context)
android.support.v4.view.PagerTitleStrip: PagerTitleStrip(android.content.Context,android.util.AttributeSet)
android.support.v4.view.PagerTitleStrip: void setTextSpacing(int)
android.support.v4.view.PagerTitleStrip: int getTextSpacing()
android.support.v4.view.PagerTitleStrip: void setNonPrimaryAlpha(float)
android.support.v4.view.PagerTitleStrip: void setTextColor(int)
android.support.v4.view.PagerTitleStrip: void setTextSize(int,float)
android.support.v4.view.PagerTitleStrip: void setGravity(int)
android.support.v4.view.PagerTitleStrip: int getMinHeight()
android.support.v4.view.ViewPager
android.support.v4.view.ViewPager: ViewPager(android.content.Context)
android.support.v4.view.ViewPager: ViewPager(android.content.Context,android.util.AttributeSet)
android.support.v4.view.ViewPager: void setScrollState(int)
android.support.v4.view.ViewPager: void setAdapter(android.support.v4.view.PagerAdapter)
android.support.v4.view.ViewPager: android.support.v4.view.PagerAdapter getAdapter()
android.support.v4.view.ViewPager: void setOnAdapterChangeListener(android.support.v4.view.ViewPager$OnAdapterChangeListener)
android.support.v4.view.ViewPager: int getClientWidth()
android.support.v4.view.ViewPager: void setCurrentItem(int)
android.support.v4.view.ViewPager: void setCurrentItem(int,boolean)
android.support.v4.view.ViewPager: int getCurrentItem()
android.support.v4.view.ViewPager: void setOnPageChangeListener(android.support.v4.view.ViewPager$OnPageChangeListener)
android.support.v4.view.ViewPager: void setPageTransformer(boolean,android.support.v4.view.ViewPager$PageTransformer)
android.support.v4.view.ViewPager: void setChildrenDrawingOrderEnabledCompat(boolean)
android.support.v4.view.ViewPager: int getOffscreenPageLimit()
android.support.v4.view.ViewPager: void setOffscreenPageLimit(int)
android.support.v4.view.ViewPager: void setPageMargin(int)
android.support.v4.view.ViewPager: int getPageMargin()
android.support.v4.view.ViewPager: void setPageMarginDrawable(android.graphics.drawable.Drawable)
android.support.v4.view.ViewPager$LayoutParams
android.support.v4.view.ViewPager$LayoutParams: ViewPager$LayoutParams(android.content.Context,android.util.AttributeSet)