proguard/mapping.txt
com.example.earlypregnancy.R$styleable -> eN:
    int[] ActionBar -> ActionBar
    int ActionBar_background -> ActionBar_background
    int ActionBar_backgroundSplit -> ActionBar_backgroundSplit
    int ActionBar_backgroundStacked -> ActionBar_backgroundStacked
    int ActionBar_customNavigationLayout -> ActionBar_customNavigationLayout
    int ActionBar_displayOptions -> ActionBar_displayOptions
    int ActionBar_divider -> ActionBar_divider
    int ActionBar_height -> ActionBar_height
    int ActionBar_homeLayout -> ActionBar_homeLayout
    int ActionBar_icon -> ActionBar_icon
    int ActionBar_indeterminateProgressStyle -> ActionBar_indeterminateProgressStyle
    int ActionBar_itemPadding -> ActionBar_itemPadding
    int ActionBar_logo -> ActionBar_logo
    int ActionBar_navigationMode -> ActionBar_navigationMode
    int ActionBar_progressBarPadding -> ActionBar_progressBarPadding
    int ActionBar_progressBarStyle -> ActionBar_progressBarStyle
    int ActionBar_subtitle -> ActionBar_subtitle
    int ActionBar_subtitleTextStyle -> ActionBar_subtitleTextStyle
    int ActionBar_title -> ActionBar_title
    int ActionBar_titleTextStyle -> ActionBar_titleTextStyle
    int[] ActionBarLayout -> ActionBarLayout
    int ActionBarLayout_android_layout_gravity -> ActionBarLayout_android_layout_gravity
    int[] ActionBarWindow -> ActionBarWindow
    int ActionBarWindow_windowActionBar -> ActionBarWindow_windowActionBar
com.example.earlypregnancy.activities.DisclaimerActivity -> com.example.earlypregnancy.activities.DisclaimerActivity:
    void onCreate(android.os.Bundle) -> onCreate
    void onClick(android.view.View) -> onClick
    void onBackPressed() -> onBackPressed
com.example.earlypregnancy.activities.HomeActivity -> com.example.earlypregnancy.activities.HomeActivity:
    boolean isShowResult -> a
    android.widget.TextView tvResult -> b
    void onCreate(android.os.Bundle) -> onCreate
    void onRestart() -> onRestart
    void onStart() -> onStart
    void onClick(android.view.View) -> onClick
    void onBackPressed() -> onBackPressed
com.example.earlypregnancy.activities.PulM6Activity -> com.example.earlypregnancy.activities.PulM6Activity:
    android.widget.TextView tvYes -> a
    android.widget.TextView tvNo -> b
    android.widget.EditText et1 -> c
    android.widget.EditText et2 -> d
    android.widget.EditText et3 -> e
    android.widget.EditText et5 -> f
    int B15 -> g
    void onCreate(android.os.Bundle) -> onCreate
    void onBackPressed() -> onBackPressed
    void onClick(android.view.View) -> onClick
    android.widget.EditText access$0(com.example.earlypregnancy.activities.PulM6Activity) -> a
    android.widget.EditText access$1(com.example.earlypregnancy.activities.PulM6Activity) -> b
    android.widget.EditText access$2(com.example.earlypregnancy.activities.PulM6Activity) -> c
    void access$3(com.example.earlypregnancy.activities.PulM6Activity,int) -> a
    android.widget.TextView access$4(com.example.earlypregnancy.activities.PulM6Activity) -> d
    android.widget.TextView access$5(com.example.earlypregnancy.activities.PulM6Activity) -> e
    android.widget.EditText access$6(com.example.earlypregnancy.activities.PulM6Activity) -> f
com.example.earlypregnancy.activities.PulM6Activity$1 -> eO:
    com.example.earlypregnancy.activities.PulM6Activity this$0 -> a
    void onClick(android.content.DialogInterface,int) -> onClick
com.example.earlypregnancy.activities.PulM6Activity$2 -> eP:
    com.example.earlypregnancy.activities.PulM6Activity this$0 -> a
    void onClick(android.content.DialogInterface,int) -> onClick
com.example.earlypregnancy.activities.PulM6Activity$3 -> eQ:
    com.example.earlypregnancy.activities.PulM6Activity this$0 -> a
    void onClick(android.content.DialogInterface,int) -> onClick
...
android.support.v4.app.ActivityCompatHoneycomb -> a:
    android.support.v4.app.ActivityCompatHoneycomb next$fe619d5 -> a
    android.support.v4.app.ActivityCompatHoneycomb prev$fe619d5 -> b
    int cmd -> c
    android.support.v4.app.Fragment fragment -> d
    int enterAnim -> e
    int exitAnim -> f
    int popEnterAnim -> g
    int popExitAnim -> h
    java.util.ArrayList removed -> i
    void buildShortClassTag(java.lang.Object,java.lang.StringBuilder) -> a
    android.view.MenuItem createMenuItemWrapper(android.view.MenuItem) -> a
android.support.v4.app.BackStackRecord -> b:
    android.support.v4.app.FragmentManagerImpl mManager -> l
    android.support.v4.app.ActivityCompatHoneycomb mHead$fe619d5 -> a
    android.support.v4.app.ActivityCompatHoneycomb mTail$fe619d5 -> m
    int mNumOp -> b
    int mTransition -> c
    int mTransitionStyle -> d
    boolean mAddToBackStack -> e
    java.lang.String mName -> f
    boolean mCommitted -> n
    int mIndex -> g
    int mBreadCrumbTitleRes -> h
    java.lang.CharSequence mBreadCrumbTitleText -> i
    int mBreadCrumbShortTitleRes -> j
    java.lang.CharSequence mBreadCrumbShortTitleText -> k
    java.lang.String toString() -> toString
    void dump$ec96877(java.lang.String,java.io.PrintWriter) -> a
    void addOp$568ae146(android.support.v4.app.ActivityCompatHoneycomb) -> a
    android.support.v4.app.FragmentTransaction add(int,android.support.v4.app.Fragment,java.lang.String) -> a
    android.support.v4.app.FragmentTransaction detach(android.support.v4.app.Fragment) -> a
    android.support.v4.app.FragmentTransaction attach(android.support.v4.app.Fragment) -> b
    void bumpBackStackNesting(int) -> a
    int commit() -> a
    void run() -> run
    void popFromBackStack$1385ff() -> b
android.support.v4.app.BackStackState -> android.support.v4.app.BackStackState:
    int[] mOps -> a
    int mTransition -> b
    int mTransitionStyle -> c
    java.lang.String mName -> d
    int mIndex -> e
    int mBreadCrumbTitleRes -> f
    java.lang.CharSequence mBreadCrumbTitleText -> g
    int mBreadCrumbShortTitleRes -> h
    java.lang.CharSequence mBreadCrumbShortTitleText -> i
    android.os.Parcelable$Creator CREATOR -> CREATOR
    android.support.v4.app.BackStackRecord instantiate(android.support.v4.app.FragmentManagerImpl) -> a
    int describeContents() -> describeContents
    void writeToParcel(android.os.Parcel,int) -> writeToParcel
android.support.v4.app.BackStackState$1 -> c:
    java.lang.Object[] newArray(int) -> newArray
    java.lang.Object createFromParcel(android.os.Parcel) -> createFromParcel