proguard/usage.txt
com.example.earlypregnancy.BuildConfig
com.example.earlypregnancy.R:
    10:10:public R()
com.example.earlypregnancy.R$anim
com.example.earlypregnancy.R$attr
com.example.earlypregnancy.R$bool
com.example.earlypregnancy.R$color
com.example.earlypregnancy.R$dimen
com.example.earlypregnancy.R$drawable
com.example.earlypregnancy.R$id
com.example.earlypregnancy.R$integer
com.example.earlypregnancy.R$layout
com.example.earlypregnancy.R$menu
com.example.earlypregnancy.R$string
com.example.earlypregnancy.R$style
com.example.earlypregnancy.R$styleable:
    1681:1681:public R$styleable()
com.example.earlypregnancy.customview.PieChart:
    public static final int TEXTPOS_LEFT
    public static final int TEXTPOS_RIGHT
    public static final int FLING_VELOCITY_DOWNSCALE
    public static final int AUTOCENTER_ANIM_DURATION
com.example.earlypregnancy.services.Datas:
    public static final int ACTIVITY_HOME
    public static final int ACTIVITY_DISCLAIMER
    public static final int ACTIVITY_SELECT_MODEL
    public static final int ACTIVITY_PUL_M6_INPUT
    public static final int ACTIVITY_PUL_M6_OUTPUT
    public static final int ACTIVITY_VIABILITY_INPUT
    public static final int ACTIVITY_VIABILITY_OUTPUT
    public static final int ACTIVITY_RESULT
    public static final java.lang.String IS_READ_AND_ACCPET_DISCLAIMER
    25:25:public Datas()
com.example.earlypregnancy.services.InputFilterMinMax
com.example.earlypregnancy.services.SQLiteDatabaseManager:
    private static final java.lang.String DATABASE_PATH_FINAL
    11:11:public SQLiteDatabaseManager()
    64:66:public static void reinitDb()
    91:96:public static void deleteDatabase()
...
android.support.v7.internal.view.menu.MenuWrapperFactory:
    30:31:private MenuWrapperFactory()
    50:53:public static android.support.v4.internal.view.SupportMenu createSupportMenuWrapper(android.view.Menu)
android.support.v7.internal.view.menu.SubMenuBuilder:
    56:57:public void setShortcutsVisible(boolean)
android.support.v7.internal.view.menu.SubMenuWrapperICS:
    32:32:public android.view.SubMenu getWrappedObject()
    25:25:public bridge synthetic java.lang.Object getWrappedObject()
android.support.v7.internal.widget.AbsActionBarView:
    private static final int FADE_DURATION
    119:133:public void animateToVisibility(int)
android.support.v7.internal.widget.AbsSpinnerICS:
    private android.graphics.Rect mTouchFrame
    54:56:AbsSpinnerICS(android.content.Context)
    59:60:AbsSpinnerICS(android.content.Context,android.util.AttributeSet)
    254:257:public void setSelection(int,boolean)
    275:282:void setSelectionInt(int,boolean)
    abstract void layout(int,boolean)
    315:315:public int getCount()
    327:343:public int pointToPosition(int,int)
    34:34:public bridge synthetic void setAdapter(android.widget.Adapter)
android.support.v7.internal.widget.ActionBarContainer:
    243:243:public android.support.v7.view.ActionMode startActionModeForChild(android.view.View,android.support.v7.view.ActionMode$Callback)
android.support.v7.internal.widget.ActionBarContextView:
    private static final java.lang.String TAG
    194:238:public void initForMode(android.support.v7.view.ActionMode)
    241:245:public void closeMode()
    248:254:public void killMode()
    414:414:public boolean isTitleOptional()
    37:37:public bridge synthetic void animateToVisibility(int)
android.support.v7.internal.widget.ActionBarContextView$1
android.support.v7.internal.widget.ActionBarOverlayLayout:
    private android.view.View mContent
    private android.view.View mActionBarTop
    private android.support.v7.internal.widget.ActionBarContainer mContainerView
    private android.support.v7.internal.widget.ActionBarView mActionView
    private android.view.View mActionBarBottom
    71:89:private boolean applyInsets(android.view.View,android.graphics.Rect,boolean,boolean,boolean,boolean)
    93:103:void pullChildren()
android.support.v7.internal.widget.ActionBarView:
    private static final java.lang.String TAG
    public static final int DISPLAY_DEFAULT
    private static final int DISPLAY_RELAYOUT_MASK
    private static final int DEFAULT_CUSTOM_GRAVITY
    373:373:public boolean hasEmbeddedTabs()
    63:63:public bridge synthetic void animateToVisibility(int)
android.support.v7.internal.widget.ActionBarView$ExpandedActionViewMenuPresenter:
    1393:1393:public android.support.v7.internal.view.menu.MenuView getMenuView(android.view.ViewGroup)
    1422:1422:public void setCallback(android.support.v7.internal.view.menu.MenuPresenter$Callback)
    1512:1512:public int getId()
    1517:1517:public android.os.Parcelable onSaveInstanceState()
    1522:1522:public void onRestoreInstanceState(android.os.Parcelable)